<?xml version="1.0" encoding="UTF-8"?>
<testsuite name="com.revature.dao.ReimbursementDaoTest" tests="6" skipped="0" failures="0" errors="0" timestamp="2021-05-17T16:58:43" hostname="DIGITALSTORM-PC" time="0.155">
  <properties/>
  <testcase name="getAll()" classname="com.revature.dao.ReimbursementDaoTest" time="0.121"/>
  <testcase name="insert()" classname="com.revature.dao.ReimbursementDaoTest" time="0.0"/>
  <testcase name="findByAm()" classname="com.revature.dao.ReimbursementDaoTest" time="0.009"/>
  <testcase name="findPast()" classname="com.revature.dao.ReimbursementDaoTest" time="0.011"/>
  <testcase name="findAllByName()" classname="com.revature.dao.ReimbursementDaoTest" time="0.004"/>
  <testcase name="findPending()" classname="com.revature.dao.ReimbursementDaoTest" time="0.006"/>
  <system-out><![CDATA[]]></system-out>
  <system-err><![CDATA[May 17, 2021 11:58:42 AM com.mongodb.diagnostics.logging.Loggers shouldUseSLF4J
WARNING: SLF4J not found on the classpath.  Logging is disabled for the 'org.mongodb.driver' component
May 17, 2021 11:58:43 AM org.bson.diagnostics.Loggers shouldUseSLF4J
WARNING: SLF4J not found on the classpath. Logging is disabled for the 'org.bson' component
]]></system-err>
</testsuite>
