<?xml version="1.0" encoding="UTF-8"?>
<testsuite name="com.revature.dao.UserDaoTest" tests="2" skipped="0" failures="0" errors="0" timestamp="2021-05-17T16:58:43" hostname="DIGITALSTORM-PC" time="0.015">
  <properties/>
  <testcase name="getAll()" classname="com.revature.dao.UserDaoTest" time="0.011"/>
  <testcase name="findByName()" classname="com.revature.dao.UserDaoTest" time="0.004"/>
  <system-out><![CDATA[]]></system-out>
  <system-err><![CDATA[]]></system-err>
</testsuite>
